2020-04-20 21:30:56,263 - trainers.trainers - INFO -  
2020-04-20 21:30:56,263 - trainers.trainers - INFO - Start Logging...
2020-04-20 21:30:56,264 - trainers.trainers - INFO - Epoch 0 of 4
2020-04-20 21:31:05,323 - trainers.trainers - INFO - Current Training Loss at step 20: 52.577491760253906
2020-04-20 21:31:16,259 - trainers.trainers - INFO - Current Training Loss at step 40: 51.310760498046875
2020-04-20 21:31:29,287 - trainers.trainers - INFO - Current Training Loss at step 60: 44.73570251464844
2020-04-20 21:31:38,664 - trainers.trainers - INFO - Current Training Loss at step 80: 45.59026336669922
2020-04-20 21:31:49,003 - trainers.trainers - INFO - Current Training Loss at step 100: 68.20478820800781
2020-04-20 21:32:14,070 - trainers.trainers - INFO -  ====== Current Validation Loss at step 100: 56.67409133911133 ====== 
2020-04-20 21:32:23,715 - trainers.trainers - INFO - Current Training Loss at step 120: 51.86316680908203
2020-04-20 21:32:33,725 - trainers.trainers - INFO - Current Training Loss at step 140: 58.34036636352539
2020-04-20 21:32:43,752 - trainers.trainers - INFO - Current Training Loss at step 160: 49.589263916015625
2020-04-20 21:32:54,699 - trainers.trainers - INFO - Current Training Loss at step 180: 52.0279541015625
2020-04-20 21:33:02,587 - trainers.trainers - INFO - Current Training Loss at step 200: 65.5997314453125
2020-04-20 21:33:26,929 - trainers.trainers - INFO -  ====== Current Validation Loss at step 200: 53.99647521972656 ====== 
2020-04-20 21:33:35,530 - trainers.trainers - INFO - Current Training Loss at step 220: 56.896461486816406
2020-04-20 21:33:43,708 - trainers.trainers - INFO - Current Training Loss at step 240: 42.613983154296875
2020-04-20 21:33:54,340 - trainers.trainers - INFO - Current Training Loss at step 260: 64.04275512695312
2020-04-20 21:33:56,709 - trainers.trainers - INFO - Epoch 1 of 4
2020-04-20 21:34:04,532 - trainers.trainers - INFO - Current Training Loss at step 280: 41.53633117675781
2020-04-20 21:34:13,536 - trainers.trainers - INFO - Current Training Loss at step 300: 50.73360824584961
2020-04-20 21:34:35,742 - trainers.trainers - INFO -  ====== Current Validation Loss at step 300: 54.07252502441406 ====== 
2020-04-20 21:34:45,219 - trainers.trainers - INFO - Current Training Loss at step 320: 29.40656280517578
2020-04-20 21:34:55,370 - trainers.trainers - INFO - Current Training Loss at step 340: 45.664588928222656
2020-04-20 21:35:03,081 - trainers.trainers - INFO - Current Training Loss at step 360: 55.10264205932617
2020-04-20 21:35:10,584 - trainers.trainers - INFO - Current Training Loss at step 380: 39.9752197265625
2020-04-20 21:35:19,836 - trainers.trainers - INFO - Current Training Loss at step 400: 38.032955169677734
2020-04-20 21:35:41,406 - trainers.trainers - INFO -  ====== Current Validation Loss at step 400: 55.483463287353516 ====== 
2020-04-20 21:35:51,400 - trainers.trainers - INFO - Current Training Loss at step 420: 61.99959182739258
2020-04-20 21:36:00,321 - trainers.trainers - INFO - Current Training Loss at step 440: 52.715599060058594
2020-04-20 21:36:10,646 - trainers.trainers - INFO - Current Training Loss at step 460: 52.908409118652344
2020-04-20 21:36:20,436 - trainers.trainers - INFO - Current Training Loss at step 480: 34.293365478515625
2020-04-20 21:36:30,793 - trainers.trainers - INFO - Current Training Loss at step 500: 38.48292541503906
2020-04-20 21:36:57,707 - trainers.trainers - INFO -  ====== Current Validation Loss at step 500: 52.81074905395508 ====== 
2020-04-20 21:37:07,310 - trainers.trainers - INFO - Current Training Loss at step 520: 48.51015090942383
2020-04-20 21:37:09,667 - trainers.trainers - INFO - Epoch 2 of 4
2020-04-20 21:37:15,413 - trainers.trainers - INFO - Current Training Loss at step 540: 17.36939239501953
2020-04-20 21:37:25,822 - trainers.trainers - INFO - Current Training Loss at step 560: 22.842632293701172
2020-04-20 21:37:33,144 - trainers.trainers - INFO - Current Training Loss at step 580: 26.827646255493164
2020-04-20 21:37:41,840 - trainers.trainers - INFO - Current Training Loss at step 600: 30.745624542236328
2020-04-20 21:38:03,153 - trainers.trainers - INFO -  ====== Current Validation Loss at step 600: 61.54340744018555 ====== 
2020-04-20 21:38:10,990 - trainers.trainers - INFO - Current Training Loss at step 620: 24.924598693847656
2020-04-20 21:38:20,942 - trainers.trainers - INFO - Current Training Loss at step 640: 20.718238830566406
2020-04-20 21:38:30,633 - trainers.trainers - INFO - Current Training Loss at step 660: 31.71208381652832
2020-04-20 21:38:41,201 - trainers.trainers - INFO - Current Training Loss at step 680: 21.245697021484375
2020-04-20 21:38:51,455 - trainers.trainers - INFO - Current Training Loss at step 700: 27.404706954956055
2020-04-20 21:39:14,229 - trainers.trainers - INFO -  ====== Current Validation Loss at step 700: 59.13064956665039 ====== 
2020-04-20 21:39:22,099 - trainers.trainers - INFO - Current Training Loss at step 720: 36.1941032409668
2020-04-20 21:39:31,419 - trainers.trainers - INFO - Current Training Loss at step 740: 15.343509674072266
2020-04-20 21:39:41,580 - trainers.trainers - INFO - Current Training Loss at step 760: 32.26100158691406
2020-04-20 21:39:51,326 - trainers.trainers - INFO - Current Training Loss at step 780: 28.517860412597656
2020-04-20 21:39:55,110 - trainers.trainers - INFO - Epoch 3 of 4
2020-04-20 21:39:59,038 - trainers.trainers - INFO - Current Training Loss at step 800: 14.052547454833984
2020-04-20 21:40:23,279 - trainers.trainers - INFO -  ====== Current Validation Loss at step 800: 62.69416809082031 ====== 
2020-04-20 21:40:32,899 - trainers.trainers - INFO - Current Training Loss at step 820: 10.930641174316406
2020-04-20 21:40:42,543 - trainers.trainers - INFO - Current Training Loss at step 840: 15.563017845153809
2020-04-20 21:40:50,722 - trainers.trainers - INFO - Current Training Loss at step 860: 21.939922332763672
2020-04-20 21:40:59,391 - trainers.trainers - INFO - Current Training Loss at step 880: 16.759864807128906
2020-04-20 21:41:09,401 - trainers.trainers - INFO - Current Training Loss at step 900: 22.285755157470703
2020-04-20 21:41:34,272 - trainers.trainers - INFO -  ====== Current Validation Loss at step 900: 59.21690368652344 ====== 
2020-04-20 21:41:45,028 - trainers.trainers - INFO - Current Training Loss at step 920: 23.79883575439453
2020-04-20 21:41:54,907 - trainers.trainers - INFO - Current Training Loss at step 940: 19.418882369995117
2020-04-20 21:42:05,039 - trainers.trainers - INFO - Current Training Loss at step 960: 22.031078338623047
2020-04-20 21:42:14,756 - trainers.trainers - INFO - Current Training Loss at step 980: 18.966018676757812
2020-04-20 21:42:24,547 - trainers.trainers - INFO - Current Training Loss at step 1000: 17.32123565673828
2020-04-20 21:42:49,700 - trainers.trainers - INFO -  ====== Current Validation Loss at step 1000: 57.40458297729492 ====== 
2020-04-20 21:42:59,473 - trainers.trainers - INFO - Current Training Loss at step 1020: 14.26762580871582
2020-04-20 21:43:08,891 - trainers.trainers - INFO - Current Training Loss at step 1040: 19.01116943359375
2020-04-20 21:43:15,603 - trainers.trainers - INFO - Epoch 4 of 4
2020-04-20 21:43:20,282 - trainers.trainers - INFO - Current Training Loss at step 1060: 10.862349510192871
2020-04-20 21:43:30,673 - trainers.trainers - INFO - Current Training Loss at step 1080: 20.747554779052734
2020-04-20 21:43:39,226 - trainers.trainers - INFO - Current Training Loss at step 1100: 16.903182983398438
2020-04-20 21:44:01,020 - trainers.trainers - INFO -  ====== Current Validation Loss at step 1100: 61.702354431152344 ====== 
2020-04-20 21:44:10,949 - trainers.trainers - INFO - Current Training Loss at step 1120: 12.332075119018555
2020-04-20 21:44:18,190 - trainers.trainers - INFO - Current Training Loss at step 1140: 24.445899963378906
2020-04-20 21:44:27,892 - trainers.trainers - INFO - Current Training Loss at step 1160: 32.36676025390625
2020-04-20 21:44:36,174 - trainers.trainers - INFO - Current Training Loss at step 1180: 15.12250804901123
2020-04-20 21:44:42,739 - trainers.trainers - INFO - Current Training Loss at step 1200: 29.181415557861328
2020-04-20 21:45:06,427 - trainers.trainers - INFO -  ====== Current Validation Loss at step 1200: 61.503334045410156 ====== 
2020-04-20 21:45:16,198 - trainers.trainers - INFO - Current Training Loss at step 1220: 13.111827850341797
2020-04-20 21:45:26,699 - trainers.trainers - INFO - Current Training Loss at step 1240: 23.682161331176758
2020-04-20 21:45:37,401 - trainers.trainers - INFO - Current Training Loss at step 1260: 29.024654388427734
2020-04-20 21:45:47,001 - trainers.trainers - INFO - Current Training Loss at step 1280: 15.61361312866211
2020-04-20 21:45:55,898 - trainers.trainers - INFO - Current Training Loss at step 1300: 29.856719970703125
2020-04-20 21:46:18,250 - trainers.trainers - INFO -  ====== Current Validation Loss at step 1300: 61.779747009277344 ====== 
2020-04-20 22:23:56,146 - trainers.trainers - INFO -  
2020-04-20 22:23:56,146 - trainers.trainers - INFO - Start Logging...
2020-04-20 22:23:56,146 - trainers.trainers - INFO - Epoch 0 of 4
2020-04-20 22:24:08,498 - trainers.trainers - INFO - Current Training Loss at step 20: 68.93161010742188
2020-04-20 22:24:20,104 - trainers.trainers - INFO - Current Training Loss at step 40: 51.10523986816406
2020-04-20 22:24:32,454 - trainers.trainers - INFO - Current Training Loss at step 60: 51.82434844970703
2020-04-20 22:24:41,494 - trainers.trainers - INFO - Current Training Loss at step 80: 64.16781616210938
2020-04-20 22:24:52,032 - trainers.trainers - INFO - Current Training Loss at step 100: 35.26412582397461
2020-04-20 22:25:19,505 - trainers.trainers - INFO -  ====== Current Validation Loss at step 100: 54.44066619873047 ====== 
2020-04-20 22:25:31,925 - trainers.trainers - INFO - Current Training Loss at step 120: 53.26007843017578
2020-04-20 22:25:44,904 - trainers.trainers - INFO - Current Training Loss at step 140: 50.15397262573242
2020-04-20 22:25:55,637 - trainers.trainers - INFO - Current Training Loss at step 160: 62.20167541503906
2020-04-20 22:26:08,249 - trainers.trainers - INFO - Current Training Loss at step 180: 62.489803314208984
2020-04-20 22:26:19,769 - trainers.trainers - INFO - Current Training Loss at step 200: 45.35480499267578
2020-04-20 22:26:43,803 - trainers.trainers - INFO -  ====== Current Validation Loss at step 200: 52.8812141418457 ====== 
2020-04-20 22:26:54,650 - trainers.trainers - INFO - Current Training Loss at step 220: 66.51533508300781
2020-04-20 22:27:04,508 - trainers.trainers - INFO - Current Training Loss at step 240: 63.16532897949219
2020-04-20 22:27:17,755 - trainers.trainers - INFO - Current Training Loss at step 260: 43.152732849121094
2020-04-20 22:27:21,432 - trainers.trainers - INFO - Epoch 1 of 4
2020-04-20 22:27:32,153 - trainers.trainers - INFO - Current Training Loss at step 280: 43.19732666015625
2020-04-20 22:27:45,125 - trainers.trainers - INFO - Current Training Loss at step 300: 30.880413055419922
2020-04-20 22:28:10,819 - trainers.trainers - INFO -  ====== Current Validation Loss at step 300: 55.12499237060547 ====== 
2020-04-20 22:28:21,145 - trainers.trainers - INFO - Current Training Loss at step 320: 38.231014251708984
2020-04-20 22:28:32,893 - trainers.trainers - INFO - Current Training Loss at step 340: 49.77638244628906
2020-04-20 22:28:41,563 - trainers.trainers - INFO - Current Training Loss at step 360: 45.460472106933594
2020-04-20 22:28:52,284 - trainers.trainers - INFO - Current Training Loss at step 380: 40.74696350097656
2020-04-20 22:29:01,930 - trainers.trainers - INFO - Current Training Loss at step 400: 35.86020278930664
2020-04-20 22:29:25,845 - trainers.trainers - INFO -  ====== Current Validation Loss at step 400: 55.67523956298828 ====== 
2020-04-20 22:29:36,572 - trainers.trainers - INFO - Current Training Loss at step 420: 51.989498138427734
2020-04-20 22:29:49,803 - trainers.trainers - INFO - Current Training Loss at step 440: 48.27769088745117
2020-04-20 22:30:01,572 - trainers.trainers - INFO - Current Training Loss at step 460: 57.58903884887695
2020-04-20 22:30:12,260 - trainers.trainers - INFO - Current Training Loss at step 480: 43.04536819458008
2020-04-20 22:30:21,811 - trainers.trainers - INFO - Current Training Loss at step 500: 56.639739990234375
2020-04-20 22:30:47,215 - trainers.trainers - INFO -  ====== Current Validation Loss at step 500: 54.210113525390625 ====== 
2020-04-20 22:30:56,269 - trainers.trainers - INFO - Current Training Loss at step 520: 49.767608642578125
2020-04-20 22:30:58,856 - trainers.trainers - INFO - Epoch 2 of 4
2020-04-20 22:31:05,830 - trainers.trainers - INFO - Current Training Loss at step 540: 43.53661346435547
2020-04-20 22:31:17,178 - trainers.trainers - INFO - Current Training Loss at step 560: 52.40012741088867
2020-04-20 22:31:28,891 - trainers.trainers - INFO - Current Training Loss at step 580: 43.859622955322266
2020-04-20 22:31:41,000 - trainers.trainers - INFO - Current Training Loss at step 600: 55.08551025390625
2020-04-20 22:32:08,650 - trainers.trainers - INFO -  ====== Current Validation Loss at step 600: 57.736671447753906 ====== 
2020-04-20 22:32:18,765 - trainers.trainers - INFO - Current Training Loss at step 620: 50.7169075012207
2020-04-20 22:32:30,111 - trainers.trainers - INFO - Current Training Loss at step 640: 38.859649658203125
2020-04-20 22:32:42,696 - trainers.trainers - INFO - Current Training Loss at step 660: 37.46095275878906
2020-04-20 22:32:54,367 - trainers.trainers - INFO - Current Training Loss at step 680: 41.858802795410156
2020-04-20 22:33:04,839 - trainers.trainers - INFO - Current Training Loss at step 700: 40.80162811279297
2020-04-20 22:33:30,866 - trainers.trainers - INFO -  ====== Current Validation Loss at step 700: 56.09955596923828 ====== 
2020-04-20 22:33:41,632 - trainers.trainers - INFO - Current Training Loss at step 720: 40.91204071044922
2020-04-20 22:33:53,377 - trainers.trainers - INFO - Current Training Loss at step 740: 43.1849250793457
2020-04-20 22:34:05,753 - trainers.trainers - INFO - Current Training Loss at step 760: 44.961612701416016
2020-04-20 22:34:18,155 - trainers.trainers - INFO - Current Training Loss at step 780: 47.73355484008789
2020-04-20 22:34:26,012 - trainers.trainers - INFO - Epoch 3 of 4
2020-04-20 22:34:32,991 - trainers.trainers - INFO - Current Training Loss at step 800: 41.6306037902832
2020-04-20 22:35:01,232 - trainers.trainers - INFO -  ====== Current Validation Loss at step 800: 56.83422088623047 ====== 
2020-04-20 22:35:12,515 - trainers.trainers - INFO - Current Training Loss at step 820: 38.8876953125
2020-04-20 22:35:24,369 - trainers.trainers - INFO - Current Training Loss at step 840: 43.68219757080078
2020-04-20 22:35:35,899 - trainers.trainers - INFO - Current Training Loss at step 860: 33.84587097167969
2020-04-20 22:35:47,927 - trainers.trainers - INFO - Current Training Loss at step 880: 42.97608184814453
2020-04-20 22:36:00,736 - trainers.trainers - INFO - Current Training Loss at step 900: 38.33955001831055
2020-04-20 22:36:25,375 - trainers.trainers - INFO -  ====== Current Validation Loss at step 900: 54.002376556396484 ====== 
2020-04-20 22:36:35,809 - trainers.trainers - INFO - Current Training Loss at step 920: 35.90353775024414
2020-04-20 22:36:47,754 - trainers.trainers - INFO - Current Training Loss at step 940: 26.439044952392578
2020-04-20 22:36:58,647 - trainers.trainers - INFO - Current Training Loss at step 960: 33.523193359375
2020-04-20 22:37:10,432 - trainers.trainers - INFO - Current Training Loss at step 980: 42.5225715637207
2020-04-20 22:37:21,205 - trainers.trainers - INFO - Current Training Loss at step 1000: 53.10567855834961
2020-04-20 22:37:47,218 - trainers.trainers - INFO -  ====== Current Validation Loss at step 1000: 53.942203521728516 ====== 
2020-04-20 22:37:57,096 - trainers.trainers - INFO - Current Training Loss at step 1020: 30.11139678955078
2020-04-20 22:38:05,670 - trainers.trainers - INFO - Current Training Loss at step 1040: 30.10869789123535
2020-04-20 22:38:12,800 - trainers.trainers - INFO - Epoch 4 of 4
2020-04-20 22:38:17,188 - trainers.trainers - INFO - Current Training Loss at step 1060: 43.81068420410156
2020-04-20 22:38:29,273 - trainers.trainers - INFO - Current Training Loss at step 1080: 34.91423034667969
2020-04-20 22:38:40,088 - trainers.trainers - INFO - Current Training Loss at step 1100: 43.923736572265625
2020-04-20 22:39:06,837 - trainers.trainers - INFO -  ====== Current Validation Loss at step 1100: 56.52945327758789 ====== 
2020-04-20 22:39:17,386 - trainers.trainers - INFO - Current Training Loss at step 1120: 44.948211669921875
2020-04-20 22:39:27,526 - trainers.trainers - INFO - Current Training Loss at step 1140: 42.73199462890625
2020-04-20 22:39:39,632 - trainers.trainers - INFO - Current Training Loss at step 1160: 49.15171813964844
2020-04-20 22:39:51,461 - trainers.trainers - INFO - Current Training Loss at step 1180: 38.69834899902344
2020-04-20 22:40:04,041 - trainers.trainers - INFO - Current Training Loss at step 1200: 43.740760803222656
2020-04-20 22:40:27,680 - trainers.trainers - INFO -  ====== Current Validation Loss at step 1200: 57.500179290771484 ====== 
2020-04-20 22:40:39,787 - trainers.trainers - INFO - Current Training Loss at step 1220: 49.64921188354492
2020-04-20 22:40:52,311 - trainers.trainers - INFO - Current Training Loss at step 1240: 51.98552322387695
2020-04-20 22:41:03,646 - trainers.trainers - INFO - Current Training Loss at step 1260: 55.34952163696289
2020-04-20 22:41:16,441 - trainers.trainers - INFO - Current Training Loss at step 1280: 34.67237091064453
2020-04-20 22:41:27,425 - trainers.trainers - INFO - Current Training Loss at step 1300: 35.22868347167969
2020-04-20 22:41:53,196 - trainers.trainers - INFO -  ====== Current Validation Loss at step 1300: 55.83930969238281 ====== 
