2020-04-19 18:59:13,810 - trainers.trainers - INFO -  
2020-04-19 18:59:13,810 - trainers.trainers - INFO - Start Logging...
2020-04-19 18:59:13,810 - trainers.trainers - INFO - Epoch 0 of 4
2020-04-19 18:59:27,118 - trainers.trainers - INFO - Current Training Loss at step 20: 7.875321388244629
2020-04-19 18:59:40,670 - trainers.trainers - INFO - Current Training Loss at step 40: 7.679560661315918
2020-04-19 18:59:53,215 - trainers.trainers - INFO - Current Training Loss at step 60: 7.014585018157959
2020-04-19 19:00:03,647 - trainers.trainers - INFO - Current Training Loss at step 80: 7.125720024108887
2020-04-19 19:00:15,642 - trainers.trainers - INFO - Current Training Loss at step 100: 6.497600555419922
2020-04-19 19:00:42,360 - trainers.trainers - INFO -  ====== Current Validation Loss at step 100: 6.8618927001953125 ====== 
2020-04-19 19:00:54,435 - trainers.trainers - INFO - Current Training Loss at step 120: 6.861724376678467
2020-04-19 19:01:08,352 - trainers.trainers - INFO - Current Training Loss at step 140: 6.6849751472473145
2020-04-19 19:01:20,753 - trainers.trainers - INFO - Current Training Loss at step 160: 6.512633800506592
2020-04-19 19:01:33,837 - trainers.trainers - INFO - Current Training Loss at step 180: 6.2774200439453125
2020-04-19 19:01:45,573 - trainers.trainers - INFO - Current Training Loss at step 200: 6.329509258270264
2020-04-19 19:02:09,503 - trainers.trainers - INFO -  ====== Current Validation Loss at step 200: 6.413933753967285 ====== 
2020-04-19 19:02:23,459 - trainers.trainers - INFO - Current Training Loss at step 220: 6.220582485198975
2020-04-19 19:02:36,143 - trainers.trainers - INFO - Current Training Loss at step 240: 6.094084739685059
2020-04-19 19:02:49,869 - trainers.trainers - INFO - Current Training Loss at step 260: 6.276119232177734
2020-04-19 19:02:53,224 - trainers.trainers - INFO - Epoch 1 of 4
2020-04-19 19:03:05,488 - trainers.trainers - INFO - Current Training Loss at step 280: 5.256551265716553
2020-04-19 19:03:15,777 - trainers.trainers - INFO - Current Training Loss at step 300: 5.128582000732422
2020-04-19 19:03:41,102 - trainers.trainers - INFO -  ====== Current Validation Loss at step 300: 6.428205966949463 ====== 
2020-04-19 19:03:53,408 - trainers.trainers - INFO - Current Training Loss at step 320: 5.498439311981201
2020-04-19 19:04:07,154 - trainers.trainers - INFO - Current Training Loss at step 340: 5.691722393035889
2020-04-19 19:04:20,982 - trainers.trainers - INFO - Current Training Loss at step 360: 5.152352809906006
2020-04-19 19:04:33,257 - trainers.trainers - INFO - Current Training Loss at step 380: 5.269096374511719
2020-04-19 19:04:43,703 - trainers.trainers - INFO - Current Training Loss at step 400: 5.260584831237793
2020-04-19 19:05:10,046 - trainers.trainers - INFO -  ====== Current Validation Loss at step 400: 6.2585320472717285 ====== 
2020-04-19 19:05:23,651 - trainers.trainers - INFO - Current Training Loss at step 420: 5.171462535858154
2020-04-19 19:05:38,406 - trainers.trainers - INFO - Current Training Loss at step 440: 5.386393070220947
2020-04-19 19:05:51,295 - trainers.trainers - INFO - Current Training Loss at step 460: 5.379629135131836
2020-04-19 19:06:05,030 - trainers.trainers - INFO - Current Training Loss at step 480: 5.390904903411865
2020-04-19 19:06:17,151 - trainers.trainers - INFO - Current Training Loss at step 500: 5.28520393371582
2020-04-19 19:06:43,461 - trainers.trainers - INFO -  ====== Current Validation Loss at step 500: 6.176303863525391 ====== 
2020-04-19 19:06:57,034 - trainers.trainers - INFO - Current Training Loss at step 520: 5.345369815826416
2020-04-19 19:07:01,019 - trainers.trainers - INFO - Epoch 2 of 4
2020-04-19 19:07:10,522 - trainers.trainers - INFO - Current Training Loss at step 540: 3.601412057876587
2020-04-19 19:07:23,449 - trainers.trainers - INFO - Current Training Loss at step 560: 3.482720136642456
2020-04-19 19:07:35,833 - trainers.trainers - INFO - Current Training Loss at step 580: 3.617305040359497
2020-04-19 19:07:49,870 - trainers.trainers - INFO - Current Training Loss at step 600: 4.1227240562438965
2020-04-19 19:08:15,883 - trainers.trainers - INFO -  ====== Current Validation Loss at step 600: 6.668502330780029 ====== 
2020-04-19 19:08:27,802 - trainers.trainers - INFO - Current Training Loss at step 620: 4.150533199310303
2020-04-19 19:08:41,606 - trainers.trainers - INFO - Current Training Loss at step 640: 3.9069576263427734
2020-04-19 19:08:52,725 - trainers.trainers - INFO - Current Training Loss at step 660: 4.1272711753845215
2020-04-19 19:09:06,313 - trainers.trainers - INFO - Current Training Loss at step 680: 3.9703118801116943
2020-04-19 19:09:19,696 - trainers.trainers - INFO - Current Training Loss at step 700: 4.009533882141113
2020-04-19 19:09:47,097 - trainers.trainers - INFO -  ====== Current Validation Loss at step 700: 6.6326375007629395 ====== 
2020-04-19 19:09:59,121 - trainers.trainers - INFO - Current Training Loss at step 720: 3.718564987182617
2020-04-19 19:10:13,880 - trainers.trainers - INFO - Current Training Loss at step 740: 4.444138050079346
2020-04-19 19:10:26,237 - trainers.trainers - INFO - Current Training Loss at step 760: 4.444744110107422
2020-04-19 19:10:40,819 - trainers.trainers - INFO - Current Training Loss at step 780: 4.398171424865723
2020-04-19 19:10:46,861 - trainers.trainers - INFO - Epoch 3 of 4
2020-04-19 19:10:53,593 - trainers.trainers - INFO - Current Training Loss at step 800: 2.5420637130737305
2020-04-19 19:11:20,235 - trainers.trainers - INFO -  ====== Current Validation Loss at step 800: 6.922248840332031 ====== 
2020-04-19 19:11:32,678 - trainers.trainers - INFO - Current Training Loss at step 820: 3.439467191696167
2020-04-19 19:11:46,996 - trainers.trainers - INFO - Current Training Loss at step 840: 2.6681463718414307
2020-04-19 19:11:59,552 - trainers.trainers - INFO - Current Training Loss at step 860: 2.6072144508361816
2020-04-19 19:12:13,560 - trainers.trainers - INFO - Current Training Loss at step 880: 3.3373849391937256
2020-04-19 19:12:25,929 - trainers.trainers - INFO - Current Training Loss at step 900: 3.0594775676727295
2020-04-19 19:12:55,844 - trainers.trainers - INFO -  ====== Current Validation Loss at step 900: 6.983721733093262 ====== 
2020-04-19 19:13:08,262 - trainers.trainers - INFO - Current Training Loss at step 920: 3.092949390411377
2020-04-19 19:13:20,654 - trainers.trainers - INFO - Current Training Loss at step 940: 3.6383016109466553
2020-04-19 19:13:33,124 - trainers.trainers - INFO - Current Training Loss at step 960: 3.2826993465423584
2020-04-19 19:13:46,199 - trainers.trainers - INFO - Current Training Loss at step 980: 3.7682487964630127
2020-04-19 19:13:58,802 - trainers.trainers - INFO - Current Training Loss at step 1000: 3.3546621799468994
2020-04-19 19:14:25,276 - trainers.trainers - INFO -  ====== Current Validation Loss at step 1000: 6.866584777832031 ====== 
2020-04-19 19:14:35,609 - trainers.trainers - INFO - Current Training Loss at step 1020: 3.0326528549194336
2020-04-19 19:14:46,471 - trainers.trainers - INFO - Current Training Loss at step 1040: 3.9850656986236572
2020-04-19 19:14:52,217 - trainers.trainers - INFO - Epoch 4 of 4
2020-04-19 19:14:57,644 - trainers.trainers - INFO - Current Training Loss at step 1060: 2.75526762008667
2020-04-19 19:15:09,234 - trainers.trainers - INFO - Current Training Loss at step 1080: 2.3286309242248535
2020-04-19 19:15:21,239 - trainers.trainers - INFO - Current Training Loss at step 1100: 2.9321258068084717
2020-04-19 19:15:47,747 - trainers.trainers - INFO -  ====== Current Validation Loss at step 1100: 7.112315654754639 ====== 
2020-04-19 19:15:59,855 - trainers.trainers - INFO - Current Training Loss at step 1120: 2.6689302921295166
2020-04-19 19:16:12,921 - trainers.trainers - INFO - Current Training Loss at step 1140: 2.862752914428711
2020-04-19 19:16:25,679 - trainers.trainers - INFO - Current Training Loss at step 1160: 3.1832194328308105
2020-04-19 19:16:38,496 - trainers.trainers - INFO - Current Training Loss at step 1180: 2.839844226837158
2020-04-19 19:16:51,285 - trainers.trainers - INFO - Current Training Loss at step 1200: 3.4748127460479736
2020-04-19 19:17:17,966 - trainers.trainers - INFO -  ====== Current Validation Loss at step 1200: 7.034780502319336 ====== 
2020-04-19 19:17:31,923 - trainers.trainers - INFO - Current Training Loss at step 1220: 3.125847101211548
2020-04-19 19:17:46,313 - trainers.trainers - INFO - Current Training Loss at step 1240: 3.0618350505828857
2020-04-19 19:17:59,818 - trainers.trainers - INFO - Current Training Loss at step 1260: 3.0428895950317383
2020-04-19 19:18:12,431 - trainers.trainers - INFO - Current Training Loss at step 1280: 3.387683153152466
2020-04-19 19:18:26,171 - trainers.trainers - INFO - Current Training Loss at step 1300: 3.384990692138672
2020-04-19 19:18:50,368 - trainers.trainers - INFO -  ====== Current Validation Loss at step 1300: 6.917636871337891 ====== 
2020-04-19 19:26:20,215 - trainers.trainers - INFO -  
2020-04-19 19:26:20,215 - trainers.trainers - INFO - Start Logging...
2020-04-19 19:26:20,215 - trainers.trainers - INFO - Epoch 0 of 4
2020-04-19 19:26:33,725 - trainers.trainers - INFO - Current Training Loss at step 20: 8.17042350769043
2020-04-19 19:27:26,495 - trainers.trainers - INFO -  
2020-04-19 19:27:26,495 - trainers.trainers - INFO - Start Logging...
2020-04-19 19:27:26,495 - trainers.trainers - INFO - Epoch 0 of 4
2020-04-19 19:27:40,193 - trainers.trainers - INFO - Current Training Loss at step 20: 3.888367176055908
2020-04-19 19:27:53,499 - trainers.trainers - INFO - Current Training Loss at step 40: 4.152315139770508
2020-04-19 19:28:07,843 - trainers.trainers - INFO - Current Training Loss at step 60: 4.212185382843018
2020-04-19 19:28:20,087 - trainers.trainers - INFO - Current Training Loss at step 80: 4.315361499786377
2020-04-19 19:28:32,114 - trainers.trainers - INFO - Current Training Loss at step 100: 4.855705261230469
2020-04-19 19:28:57,552 - trainers.trainers - INFO -  ====== Current Validation Loss at step 100: 4.5569891929626465 ====== 
2020-04-19 19:29:11,197 - trainers.trainers - INFO - Current Training Loss at step 120: 4.772514820098877
2020-04-19 19:29:25,131 - trainers.trainers - INFO - Current Training Loss at step 140: 4.435758113861084
2020-04-19 19:29:40,410 - trainers.trainers - INFO - Current Training Loss at step 160: 4.8491740226745605
2020-04-19 19:29:53,377 - trainers.trainers - INFO - Current Training Loss at step 180: 4.407729148864746
2020-04-19 19:30:06,632 - trainers.trainers - INFO - Current Training Loss at step 200: 5.317446231842041
2020-04-19 19:30:37,741 - trainers.trainers - INFO -  ====== Current Validation Loss at step 200: 4.908679485321045 ====== 
2020-04-19 19:30:50,295 - trainers.trainers - INFO - Current Training Loss at step 220: 4.479498386383057
2020-04-19 19:31:02,912 - trainers.trainers - INFO - Current Training Loss at step 240: 5.39363431930542
2020-04-19 19:31:16,137 - trainers.trainers - INFO - Current Training Loss at step 260: 5.137451648712158
2020-04-19 19:31:19,522 - trainers.trainers - INFO - Epoch 1 of 4
2020-04-19 19:31:30,626 - trainers.trainers - INFO - Current Training Loss at step 280: 2.722022533416748
2020-04-19 19:31:42,828 - trainers.trainers - INFO - Current Training Loss at step 300: 3.3890888690948486
2020-04-19 19:32:12,683 - trainers.trainers - INFO -  ====== Current Validation Loss at step 300: 5.338066101074219 ====== 
2020-04-19 19:32:26,232 - trainers.trainers - INFO - Current Training Loss at step 320: 3.081218719482422
2020-04-19 19:32:39,039 - trainers.trainers - INFO - Current Training Loss at step 340: 3.1287457942962646
2020-04-19 19:32:52,257 - trainers.trainers - INFO - Current Training Loss at step 360: 3.334306001663208
2020-04-19 19:33:05,649 - trainers.trainers - INFO - Current Training Loss at step 380: 3.425509452819824
2020-04-19 19:33:19,663 - trainers.trainers - INFO - Current Training Loss at step 400: 3.4309537410736084
2020-04-19 19:33:49,415 - trainers.trainers - INFO -  ====== Current Validation Loss at step 400: 5.444838523864746 ====== 
2020-04-19 19:34:03,042 - trainers.trainers - INFO - Current Training Loss at step 420: 3.3711910247802734
2020-04-19 19:34:16,066 - trainers.trainers - INFO - Current Training Loss at step 440: 3.350867509841919
2020-04-19 19:34:28,787 - trainers.trainers - INFO - Current Training Loss at step 460: 4.009165287017822
2020-04-19 19:34:42,684 - trainers.trainers - INFO - Current Training Loss at step 480: 3.925307035446167
2020-04-19 19:34:55,996 - trainers.trainers - INFO - Current Training Loss at step 500: 3.4176676273345947
2020-04-19 19:35:24,329 - trainers.trainers - INFO -  ====== Current Validation Loss at step 500: 5.441286087036133 ====== 
2020-04-19 19:35:35,934 - trainers.trainers - INFO - Current Training Loss at step 520: 3.909705638885498
2020-04-19 19:35:39,832 - trainers.trainers - INFO - Epoch 2 of 4
2020-04-19 19:35:48,051 - trainers.trainers - INFO - Current Training Loss at step 540: 2.709688901901245
2020-04-19 19:35:58,160 - trainers.trainers - INFO - Current Training Loss at step 560: 2.556828737258911
2020-04-19 19:36:09,354 - trainers.trainers - INFO - Current Training Loss at step 580: 2.4259002208709717
2020-04-19 19:36:21,437 - trainers.trainers - INFO - Current Training Loss at step 600: 3.0211260318756104
2020-04-19 19:36:47,096 - trainers.trainers - INFO -  ====== Current Validation Loss at step 600: 5.8439555168151855 ====== 
2020-04-19 19:37:01,211 - trainers.trainers - INFO - Current Training Loss at step 620: 2.7295103073120117
2020-04-19 19:37:14,322 - trainers.trainers - INFO - Current Training Loss at step 640: 2.6269187927246094
2020-04-19 19:37:27,782 - trainers.trainers - INFO - Current Training Loss at step 660: 2.8943188190460205
2020-04-19 19:37:40,931 - trainers.trainers - INFO - Current Training Loss at step 680: 3.078984022140503
2020-04-19 19:37:52,978 - trainers.trainers - INFO - Current Training Loss at step 700: 2.6997108459472656
2020-04-19 19:38:24,960 - trainers.trainers - INFO -  ====== Current Validation Loss at step 700: 5.76784610748291 ====== 
2020-04-19 19:38:37,367 - trainers.trainers - INFO - Current Training Loss at step 720: 3.1250827312469482
2020-04-19 19:38:50,360 - trainers.trainers - INFO - Current Training Loss at step 740: 3.186318874359131
2020-04-19 19:39:03,312 - trainers.trainers - INFO - Current Training Loss at step 760: 3.1151771545410156
2020-04-19 19:39:17,881 - trainers.trainers - INFO - Current Training Loss at step 780: 3.1541333198547363
2020-04-19 19:39:25,090 - trainers.trainers - INFO - Epoch 3 of 4
2020-04-19 19:39:31,291 - trainers.trainers - INFO - Current Training Loss at step 800: 2.0791308879852295
2020-04-19 19:40:03,512 - trainers.trainers - INFO -  ====== Current Validation Loss at step 800: 6.107735633850098 ====== 
2020-04-19 19:40:17,105 - trainers.trainers - INFO - Current Training Loss at step 820: 2.1563167572021484
2020-04-19 19:40:32,363 - trainers.trainers - INFO - Current Training Loss at step 840: 2.132141590118408
2020-04-19 19:40:45,312 - trainers.trainers - INFO - Current Training Loss at step 860: 2.480205774307251
2020-04-19 19:41:00,135 - trainers.trainers - INFO - Current Training Loss at step 880: 2.581195592880249
2020-04-19 19:41:13,609 - trainers.trainers - INFO - Current Training Loss at step 900: 2.7547974586486816
2020-04-19 19:41:39,776 - trainers.trainers - INFO -  ====== Current Validation Loss at step 900: 6.078400611877441 ====== 
2020-04-19 19:41:54,127 - trainers.trainers - INFO - Current Training Loss at step 920: 2.4739291667938232
2020-04-19 19:42:06,844 - trainers.trainers - INFO - Current Training Loss at step 940: 2.5167860984802246
2020-04-19 19:42:20,386 - trainers.trainers - INFO - Current Training Loss at step 960: 2.7384729385375977
2020-04-19 19:42:33,871 - trainers.trainers - INFO - Current Training Loss at step 980: 2.8748488426208496
2020-04-19 19:42:48,724 - trainers.trainers - INFO - Current Training Loss at step 1000: 2.5755271911621094
2020-04-19 19:43:16,121 - trainers.trainers - INFO -  ====== Current Validation Loss at step 1000: 5.967148303985596 ====== 
2020-04-19 19:43:29,586 - trainers.trainers - INFO - Current Training Loss at step 1020: 2.96655011177063
2020-04-19 19:43:41,237 - trainers.trainers - INFO - Current Training Loss at step 1040: 2.963763952255249
2020-04-19 19:43:46,837 - trainers.trainers - INFO - Epoch 4 of 4
2020-04-19 19:43:51,494 - trainers.trainers - INFO - Current Training Loss at step 1060: 2.0266737937927246
2020-04-19 19:44:04,013 - trainers.trainers - INFO - Current Training Loss at step 1080: 2.1705873012542725
2020-04-19 19:44:15,327 - trainers.trainers - INFO - Current Training Loss at step 1100: 2.120171070098877
2020-04-19 19:44:43,678 - trainers.trainers - INFO -  ====== Current Validation Loss at step 1100: 6.2381792068481445 ====== 
2020-04-19 19:44:57,642 - trainers.trainers - INFO - Current Training Loss at step 1120: 2.518291473388672
2020-04-19 19:45:11,738 - trainers.trainers - INFO - Current Training Loss at step 1140: 2.4980952739715576
2020-04-19 19:45:27,069 - trainers.trainers - INFO - Current Training Loss at step 1160: 2.7471556663513184
2020-04-19 19:45:39,995 - trainers.trainers - INFO - Current Training Loss at step 1180: 2.304445505142212
2020-04-19 19:45:52,856 - trainers.trainers - INFO - Current Training Loss at step 1200: 2.6033318042755127
2020-04-19 19:46:19,647 - trainers.trainers - INFO -  ====== Current Validation Loss at step 1200: 6.273689270019531 ====== 
2020-04-19 19:46:32,124 - trainers.trainers - INFO - Current Training Loss at step 1220: 2.800889730453491
2020-04-19 19:46:44,494 - trainers.trainers - INFO - Current Training Loss at step 1240: 2.499788284301758
2020-04-19 19:46:58,275 - trainers.trainers - INFO - Current Training Loss at step 1260: 2.5998990535736084
2020-04-19 19:47:10,318 - trainers.trainers - INFO - Current Training Loss at step 1280: 2.638547420501709
2020-04-19 19:47:23,110 - trainers.trainers - INFO - Current Training Loss at step 1300: 2.889573335647583
2020-04-19 19:47:52,757 - trainers.trainers - INFO -  ====== Current Validation Loss at step 1300: 6.28743314743042 ====== 
2020-04-19 21:31:52,393 - trainers.trainers - INFO -  
2020-04-19 21:31:52,393 - trainers.trainers - INFO - Start Logging...
2020-04-19 21:31:52,393 - trainers.trainers - INFO - Epoch 0 of 10
2020-04-19 21:32:06,004 - trainers.trainers - INFO - Current Training Loss at step 20: 3.429971218109131
2020-04-19 21:32:20,016 - trainers.trainers - INFO - Current Training Loss at step 40: 3.3643410205841064
2020-04-19 21:32:33,462 - trainers.trainers - INFO - Current Training Loss at step 60: 3.666511058807373
2020-04-19 21:32:47,568 - trainers.trainers - INFO - Current Training Loss at step 80: 4.335117340087891
2020-04-19 21:33:00,571 - trainers.trainers - INFO - Current Training Loss at step 100: 4.193828105926514
2020-04-19 21:33:26,810 - trainers.trainers - INFO -  ====== Current Validation Loss at step 100: 4.111844062805176 ====== 
2020-04-19 21:33:38,986 - trainers.trainers - INFO - Current Training Loss at step 120: 4.032607078552246
2020-04-19 21:33:53,070 - trainers.trainers - INFO - Current Training Loss at step 140: 4.003246307373047
2020-04-19 21:34:07,992 - trainers.trainers - INFO - Current Training Loss at step 160: 4.538501262664795
2020-04-19 21:34:20,678 - trainers.trainers - INFO - Current Training Loss at step 180: 4.721933364868164
2020-04-19 21:34:34,079 - trainers.trainers - INFO - Current Training Loss at step 200: 4.952788829803467
2020-04-19 21:35:02,038 - trainers.trainers - INFO -  ====== Current Validation Loss at step 200: 4.3779191970825195 ====== 
2020-04-19 21:35:14,510 - trainers.trainers - INFO - Current Training Loss at step 220: 4.860238075256348
2020-04-19 21:35:27,379 - trainers.trainers - INFO - Current Training Loss at step 240: 4.614224910736084
2020-04-19 21:35:39,182 - trainers.trainers - INFO - Current Training Loss at step 260: 4.913087844848633
2020-04-19 21:35:42,335 - trainers.trainers - INFO - Epoch 1 of 10
2020-04-19 21:35:53,675 - trainers.trainers - INFO - Current Training Loss at step 280: 2.48579478263855
2020-04-19 21:36:06,097 - trainers.trainers - INFO - Current Training Loss at step 300: 2.7609481811523438
2020-04-19 21:36:32,037 - trainers.trainers - INFO -  ====== Current Validation Loss at step 300: 4.919878005981445 ====== 
2020-04-19 21:36:45,107 - trainers.trainers - INFO - Current Training Loss at step 320: 2.675769090652466
2020-04-19 21:36:59,374 - trainers.trainers - INFO - Current Training Loss at step 340: 3.0845160484313965
2020-04-19 21:37:12,173 - trainers.trainers - INFO - Current Training Loss at step 360: 2.7639553546905518
2020-04-19 21:37:25,658 - trainers.trainers - INFO - Current Training Loss at step 380: 2.7954800128936768
2020-04-19 21:37:39,363 - trainers.trainers - INFO - Current Training Loss at step 400: 2.9505176544189453
2020-04-19 21:38:07,519 - trainers.trainers - INFO -  ====== Current Validation Loss at step 400: 4.986347675323486 ====== 
2020-04-19 21:38:21,207 - trainers.trainers - INFO - Current Training Loss at step 420: 3.511776924133301
2020-04-19 21:38:34,481 - trainers.trainers - INFO - Current Training Loss at step 440: 2.868777275085449
2020-04-19 21:38:49,501 - trainers.trainers - INFO - Current Training Loss at step 460: 3.221325635910034
2020-04-19 21:38:59,133 - trainers.trainers - INFO - Current Training Loss at step 480: 3.658907413482666
2020-04-19 21:39:12,533 - trainers.trainers - INFO - Current Training Loss at step 500: 3.566246271133423
2020-04-19 21:39:37,821 - trainers.trainers - INFO -  ====== Current Validation Loss at step 500: 5.121946334838867 ====== 
2020-04-19 21:39:50,518 - trainers.trainers - INFO - Current Training Loss at step 520: 3.0715107917785645
2020-04-19 21:39:54,580 - trainers.trainers - INFO - Epoch 2 of 10
2020-04-19 21:40:06,160 - trainers.trainers - INFO - Current Training Loss at step 540: 2.435487747192383
2020-04-19 21:40:19,604 - trainers.trainers - INFO - Current Training Loss at step 560: 2.0473415851593018
2020-04-19 21:40:32,737 - trainers.trainers - INFO - Current Training Loss at step 580: 2.8016562461853027
2020-04-19 21:40:46,376 - trainers.trainers - INFO - Current Training Loss at step 600: 2.445781946182251
2020-04-19 21:41:12,755 - trainers.trainers - INFO -  ====== Current Validation Loss at step 600: 5.335716724395752 ====== 
2020-04-19 21:41:27,514 - trainers.trainers - INFO - Current Training Loss at step 620: 2.578728675842285
2020-04-19 21:41:41,608 - trainers.trainers - INFO - Current Training Loss at step 640: 2.595522165298462
2020-04-19 21:41:54,632 - trainers.trainers - INFO - Current Training Loss at step 660: 2.415724992752075
2020-04-19 21:42:07,689 - trainers.trainers - INFO - Current Training Loss at step 680: 2.4842772483825684
2020-04-19 21:42:20,662 - trainers.trainers - INFO - Current Training Loss at step 700: 3.028693914413452
2020-04-19 21:42:46,302 - trainers.trainers - INFO -  ====== Current Validation Loss at step 700: 5.425657749176025 ====== 
2020-04-19 21:42:59,315 - trainers.trainers - INFO - Current Training Loss at step 720: 2.686741352081299
2020-04-19 21:43:12,390 - trainers.trainers - INFO - Current Training Loss at step 740: 2.8300576210021973
2020-04-19 21:43:27,434 - trainers.trainers - INFO - Current Training Loss at step 760: 2.733924388885498
2020-04-19 21:43:41,289 - trainers.trainers - INFO - Current Training Loss at step 780: 2.8019492626190186
2020-04-19 21:43:48,588 - trainers.trainers - INFO - Epoch 3 of 10
2020-04-19 21:43:55,369 - trainers.trainers - INFO - Current Training Loss at step 800: 1.9182932376861572
2020-04-19 21:44:23,679 - trainers.trainers - INFO -  ====== Current Validation Loss at step 800: 5.609190464019775 ====== 
2020-04-19 21:44:36,361 - trainers.trainers - INFO - Current Training Loss at step 820: 2.2608723640441895
2020-04-19 21:44:48,382 - trainers.trainers - INFO - Current Training Loss at step 840: 2.0899221897125244
2020-04-19 21:45:01,509 - trainers.trainers - INFO - Current Training Loss at step 860: 2.5331461429595947
2020-04-19 21:45:14,850 - trainers.trainers - INFO - Current Training Loss at step 880: 2.778080463409424
2020-04-19 21:45:28,887 - trainers.trainers - INFO - Current Training Loss at step 900: 2.5909314155578613
2020-04-19 21:45:58,171 - trainers.trainers - INFO -  ====== Current Validation Loss at step 900: 5.638052463531494 ====== 
2020-04-19 21:46:10,476 - trainers.trainers - INFO - Current Training Loss at step 920: 2.635664224624634
2020-04-19 21:46:23,313 - trainers.trainers - INFO - Current Training Loss at step 940: 2.5590877532958984
2020-04-19 21:46:37,769 - trainers.trainers - INFO - Current Training Loss at step 960: 2.3800675868988037
2020-04-19 21:46:52,060 - trainers.trainers - INFO - Current Training Loss at step 980: 2.555698871612549
2020-04-19 21:47:05,214 - trainers.trainers - INFO - Current Training Loss at step 1000: 2.76267671585083
2020-04-19 21:47:33,102 - trainers.trainers - INFO -  ====== Current Validation Loss at step 1000: 5.601766109466553 ====== 
2020-04-19 21:47:46,192 - trainers.trainers - INFO - Current Training Loss at step 1020: 2.825119733810425
2020-04-19 21:47:58,924 - trainers.trainers - INFO - Current Training Loss at step 1040: 2.6823301315307617
2020-04-19 21:48:07,424 - trainers.trainers - INFO - Epoch 4 of 10
2020-04-19 21:48:13,052 - trainers.trainers - INFO - Current Training Loss at step 1060: 2.373136520385742
2020-04-19 21:48:26,598 - trainers.trainers - INFO - Current Training Loss at step 1080: 2.0643093585968018
2020-04-19 21:48:40,663 - trainers.trainers - INFO - Current Training Loss at step 1100: 2.3985061645507812
2020-04-19 21:49:08,146 - trainers.trainers - INFO -  ====== Current Validation Loss at step 1100: 5.88303804397583 ====== 
2020-04-19 21:49:21,515 - trainers.trainers - INFO - Current Training Loss at step 1120: 2.0117850303649902
2020-04-19 21:49:35,146 - trainers.trainers - INFO - Current Training Loss at step 1140: 2.444399118423462
2020-04-19 21:49:48,018 - trainers.trainers - INFO - Current Training Loss at step 1160: 2.11563777923584
2020-04-19 21:50:02,157 - trainers.trainers - INFO - Current Training Loss at step 1180: 2.4362573623657227
2020-04-19 21:50:16,822 - trainers.trainers - INFO - Current Training Loss at step 1200: 2.3554697036743164
2020-04-19 21:50:42,933 - trainers.trainers - INFO -  ====== Current Validation Loss at step 1200: 5.791721343994141 ====== 
2020-04-19 21:50:55,250 - trainers.trainers - INFO - Current Training Loss at step 1220: 2.4298980236053467
2020-04-19 21:51:07,975 - trainers.trainers - INFO - Current Training Loss at step 1240: 2.4263734817504883
2020-04-19 21:51:20,035 - trainers.trainers - INFO - Current Training Loss at step 1260: 2.039466142654419
2020-04-19 21:51:32,780 - trainers.trainers - INFO - Current Training Loss at step 1280: 2.2716572284698486
2020-04-19 21:51:45,578 - trainers.trainers - INFO - Current Training Loss at step 1300: 2.468512535095215
2020-04-19 21:52:11,359 - trainers.trainers - INFO -  ====== Current Validation Loss at step 1300: 5.903562545776367 ====== 
2020-04-19 21:52:22,665 - trainers.trainers - INFO - Epoch 5 of 10
2020-04-19 21:52:25,093 - trainers.trainers - INFO - Current Training Loss at step 1320: 1.8281631469726562
2020-04-19 21:52:39,636 - trainers.trainers - INFO - Current Training Loss at step 1340: 2.3065755367279053
2020-04-19 21:52:51,725 - trainers.trainers - INFO - Current Training Loss at step 1360: 2.1896839141845703
2020-04-19 21:53:05,152 - trainers.trainers - INFO - Current Training Loss at step 1380: 1.9829497337341309
2020-04-19 21:53:17,998 - trainers.trainers - INFO - Current Training Loss at step 1400: 2.2363219261169434
2020-04-19 21:53:43,728 - trainers.trainers - INFO -  ====== Current Validation Loss at step 1400: 6.018279552459717 ====== 
2020-04-19 21:53:54,106 - trainers.trainers - INFO - Current Training Loss at step 1420: 2.131930351257324
2020-04-19 21:54:06,272 - trainers.trainers - INFO - Current Training Loss at step 1440: 2.156090021133423
2020-04-19 21:54:17,832 - trainers.trainers - INFO - Current Training Loss at step 1460: 2.323378086090088
2020-04-19 21:54:32,266 - trainers.trainers - INFO - Current Training Loss at step 1480: 2.4412848949432373
2020-04-19 21:54:46,294 - trainers.trainers - INFO - Current Training Loss at step 1500: 2.6228952407836914
2020-04-19 21:55:10,764 - trainers.trainers - INFO -  ====== Current Validation Loss at step 1500: 5.966550350189209 ====== 
2020-04-19 21:55:23,046 - trainers.trainers - INFO - Current Training Loss at step 1520: 2.5035932064056396
2020-04-19 21:55:36,645 - trainers.trainers - INFO - Current Training Loss at step 1540: 2.732607126235962
2020-04-19 21:55:50,488 - trainers.trainers - INFO - Current Training Loss at step 1560: 2.6768715381622314
2020-04-19 21:56:01,759 - trainers.trainers - INFO - Epoch 6 of 10
2020-04-19 21:56:03,323 - trainers.trainers - INFO - Current Training Loss at step 1580: 1.9578955173492432
2020-04-19 21:56:17,773 - trainers.trainers - INFO - Current Training Loss at step 1600: 2.1273069381713867
2020-04-19 21:56:43,845 - trainers.trainers - INFO -  ====== Current Validation Loss at step 1600: 6.277889728546143 ====== 
2020-04-19 21:56:58,127 - trainers.trainers - INFO - Current Training Loss at step 1620: 2.198035478591919
2020-04-19 21:57:10,036 - trainers.trainers - INFO - Current Training Loss at step 1640: 2.221047878265381
2020-04-19 21:57:23,884 - trainers.trainers - INFO - Current Training Loss at step 1660: 2.4388620853424072
2020-04-19 21:57:36,972 - trainers.trainers - INFO - Current Training Loss at step 1680: 1.964252233505249
2020-04-19 21:57:51,290 - trainers.trainers - INFO - Current Training Loss at step 1700: 2.103949546813965
2020-04-19 21:58:17,068 - trainers.trainers - INFO -  ====== Current Validation Loss at step 1700: 6.108977794647217 ====== 
2020-04-19 21:58:30,142 - trainers.trainers - INFO - Current Training Loss at step 1720: 2.446512460708618
2020-04-19 21:58:44,341 - trainers.trainers - INFO - Current Training Loss at step 1740: 2.4677670001983643
2020-04-19 21:58:57,207 - trainers.trainers - INFO - Current Training Loss at step 1760: 2.4439303874969482
2020-04-19 21:59:10,420 - trainers.trainers - INFO - Current Training Loss at step 1780: 2.4057552814483643
2020-04-19 21:59:24,882 - trainers.trainers - INFO - Current Training Loss at step 1800: 2.304910898208618
2020-04-19 21:59:53,471 - trainers.trainers - INFO -  ====== Current Validation Loss at step 1800: 6.085917949676514 ====== 
2020-04-19 22:00:06,631 - trainers.trainers - INFO - Current Training Loss at step 1820: 2.6173341274261475
2020-04-19 22:00:18,564 - trainers.trainers - INFO - Current Training Loss at step 1840: 2.505594253540039
2020-04-19 22:00:20,182 - trainers.trainers - INFO - Epoch 7 of 10
2020-04-19 22:00:33,075 - trainers.trainers - INFO - Current Training Loss at step 1860: 2.014417886734009
2020-04-19 22:00:46,013 - trainers.trainers - INFO - Current Training Loss at step 1880: 2.0083441734313965
2020-04-19 22:00:58,837 - trainers.trainers - INFO - Current Training Loss at step 1900: 2.2025043964385986
2020-04-19 22:01:27,182 - trainers.trainers - INFO -  ====== Current Validation Loss at step 1900: 6.375757694244385 ====== 
2020-04-19 22:01:40,687 - trainers.trainers - INFO - Current Training Loss at step 1920: 2.0803372859954834
2020-04-19 22:01:54,311 - trainers.trainers - INFO - Current Training Loss at step 1940: 2.3454670906066895
2020-04-19 22:02:07,410 - trainers.trainers - INFO - Current Training Loss at step 1960: 2.2802350521087646
2020-04-19 22:02:22,475 - trainers.trainers - INFO - Current Training Loss at step 1980: 2.388458490371704
2020-04-19 22:02:35,102 - trainers.trainers - INFO - Current Training Loss at step 2000: 2.173482656478882
2020-04-19 22:03:01,861 - trainers.trainers - INFO -  ====== Current Validation Loss at step 2000: 6.337423801422119 ====== 
2020-04-19 22:03:15,183 - trainers.trainers - INFO - Current Training Loss at step 2020: 2.2715954780578613
2020-04-19 22:03:28,363 - trainers.trainers - INFO - Current Training Loss at step 2040: 2.4547953605651855
2020-04-19 22:03:41,636 - trainers.trainers - INFO - Current Training Loss at step 2060: 2.3750007152557373
2020-04-19 22:03:52,118 - trainers.trainers - INFO - Current Training Loss at step 2080: 2.471503496170044
2020-04-19 22:04:06,045 - trainers.trainers - INFO - Current Training Loss at step 2100: 2.494903564453125
2020-04-19 22:04:34,088 - trainers.trainers - INFO -  ====== Current Validation Loss at step 2100: 6.293368816375732 ====== 
2020-04-19 22:04:37,252 - trainers.trainers - INFO - Epoch 8 of 10
2020-04-19 22:04:48,942 - trainers.trainers - INFO - Current Training Loss at step 2120: 1.9023566246032715
2020-04-19 22:05:01,961 - trainers.trainers - INFO - Current Training Loss at step 2140: 2.0784060955047607
2020-04-19 22:05:15,447 - trainers.trainers - INFO - Current Training Loss at step 2160: 2.050381898880005
2020-04-19 22:05:28,445 - trainers.trainers - INFO - Current Training Loss at step 2180: 2.0828168392181396
2020-04-19 22:05:42,692 - trainers.trainers - INFO - Current Training Loss at step 2200: 2.2515969276428223
2020-04-19 22:06:09,115 - trainers.trainers - INFO -  ====== Current Validation Loss at step 2200: 6.4441046714782715 ====== 
2020-04-19 22:06:22,779 - trainers.trainers - INFO - Current Training Loss at step 2220: 2.4551453590393066
2020-04-19 22:06:35,815 - trainers.trainers - INFO - Current Training Loss at step 2240: 2.3021535873413086
2020-04-19 22:06:48,285 - trainers.trainers - INFO - Current Training Loss at step 2260: 2.184788703918457
2020-04-19 22:07:02,153 - trainers.trainers - INFO - Current Training Loss at step 2280: 2.207951545715332
2020-04-19 22:07:15,634 - trainers.trainers - INFO - Current Training Loss at step 2300: 2.2335119247436523
2020-04-19 22:07:43,132 - trainers.trainers - INFO -  ====== Current Validation Loss at step 2300: 6.333648204803467 ====== 
2020-04-19 22:07:56,409 - trainers.trainers - INFO - Current Training Loss at step 2320: 2.4994590282440186
2020-04-19 22:08:09,874 - trainers.trainers - INFO - Current Training Loss at step 2340: 2.548429489135742
2020-04-19 22:08:21,415 - trainers.trainers - INFO - Current Training Loss at step 2360: 2.550374746322632
2020-04-19 22:08:27,015 - trainers.trainers - INFO - Epoch 9 of 10
2020-04-19 22:08:34,299 - trainers.trainers - INFO - Current Training Loss at step 2380: 1.8823336362838745
2020-04-19 22:08:47,417 - trainers.trainers - INFO - Current Training Loss at step 2400: 1.9872173070907593
2020-04-19 22:09:16,654 - trainers.trainers - INFO -  ====== Current Validation Loss at step 2400: 6.613697528839111 ====== 
2020-04-19 22:09:29,012 - trainers.trainers - INFO - Current Training Loss at step 2420: 2.0592145919799805
2020-04-19 22:09:43,150 - trainers.trainers - INFO - Current Training Loss at step 2440: 2.3576242923736572
2020-04-19 22:09:55,564 - trainers.trainers - INFO - Current Training Loss at step 2460: 2.230058193206787
2020-04-19 22:10:09,070 - trainers.trainers - INFO - Current Training Loss at step 2480: 1.937463402748108
2020-04-19 22:10:21,466 - trainers.trainers - INFO - Current Training Loss at step 2500: 2.0316619873046875
2020-04-19 22:10:47,901 - trainers.trainers - INFO -  ====== Current Validation Loss at step 2500: 6.546438694000244 ====== 
2020-04-19 22:11:00,361 - trainers.trainers - INFO - Current Training Loss at step 2520: 2.1306838989257812
2020-04-19 22:11:13,676 - trainers.trainers - INFO - Current Training Loss at step 2540: 2.311332941055298
2020-04-19 22:11:26,751 - trainers.trainers - INFO - Current Training Loss at step 2560: 2.522538185119629
2020-04-19 22:11:40,571 - trainers.trainers - INFO - Current Training Loss at step 2580: 2.3041751384735107
2020-04-19 22:11:53,673 - trainers.trainers - INFO - Current Training Loss at step 2600: 2.3617234230041504
2020-04-19 22:12:18,188 - trainers.trainers - INFO -  ====== Current Validation Loss at step 2600: 6.490731239318848 ====== 
2020-04-19 22:12:31,096 - trainers.trainers - INFO - Current Training Loss at step 2620: 2.631753921508789
2020-04-19 22:12:38,078 - trainers.trainers - INFO - Epoch 10 of 10
2020-04-19 22:12:44,960 - trainers.trainers - INFO - Current Training Loss at step 2640: 2.1609370708465576
2020-04-19 22:12:56,319 - trainers.trainers - INFO - Current Training Loss at step 2660: 2.2515411376953125
2020-04-19 22:13:10,048 - trainers.trainers - INFO - Current Training Loss at step 2680: 2.2248265743255615
2020-04-19 22:25:28,684 - trainers.trainers - INFO -  
2020-04-19 22:25:28,684 - trainers.trainers - INFO - Start Logging...
2020-04-19 22:25:28,684 - trainers.trainers - INFO - Epoch 0 of 10
